sketch data
nohup: 忽略输入
processing dataset...
loading dataset...
X_train1 type:  <class 'numpy.ndarray'>
X_train1 shape:  (4560, 614)
X_train2 type:  <class 'numpy.ndarray'>
X_train2 shape:  (4560, 1434)
X_test1 type:  <class 'numpy.ndarray'>
X_test1 shape:  (4560, 614)
X_test2 type:  <class 'numpy.ndarray'>
X_test2 shape:  (4560, 1434)
ratio:  0.7
Sharing raw data: [32mOK[0m
t:  18
Batch data generation: [32mOK[0m
[CHECK] weight:  [[0. 0. 0. ... 0. 0. 0.]] [[0. 0. 0. ... 0. 0. 0.]]
[Hint] Training model...

Iteration 0, batch sum loss: 0.6935139999177535

Iteration 1, batch sum loss: 0.6932545738042525

Iteration 2, batch sum loss: 0.6932407049176046

Iteration 3, batch sum loss: 0.6932347523181986

Iteration 4, batch sum loss: 0.6932298609918954

Iteration 5, batch sum loss: 0.6932256695043967

Iteration 6, batch sum loss: 0.6932220402057159

Iteration 7, batch sum loss: 0.6932188713281844

Iteration 8, batch sum loss: 0.6932160802571617

Iteration 9, batch sum loss: 0.6932136030353783

Iteration 10, batch sum loss: 0.6932113876700727

Iteration 11, batch sum loss: 0.6932093918225555

Iteration 12, batch sum loss: 0.6932075810251576

Iteration 13, batch sum loss: 0.6932059272669666

Iteration 14, batch sum loss: 0.6932044064179405

Iteration 15, batch sum loss: 0.6932029996665774

Iteration 16, batch sum loss: 0.6932016916163333

Iteration 17, batch sum loss: 0.6932004692466917

Iteration 18, batch sum loss: 0.6931993203127523

Iteration 19, batch sum loss: 0.6931982354765148

Iteration 20, batch sum loss: 0.6931972086488841

Iteration 21, batch sum loss: 0.6931962320178259
self.model_weights:  [[-0.0012757674585373024]
 [-0.0019060014383285306]
 [-0.001446301199393929]
 ...
 [-0.0005179367872187868]
 [0.0004437639217940159]
 [-0.003625532831961209]]
SecureMLModel.train_time_account:  30.607067871092532
Total time cost:  178.99435358047364 s
score:  4319
len(y):  4560

Predict precision:  0.9471491228070176
