nohup: 忽略输入
nohup: 无法运行命令'v9_4_server_sketch_1024.py': 没有那个文件或目录
nohup: 忽略输入
processing dataset...
loading dataset...
(4560, 614)
<class 'numpy.ndarray'> <class 'numpy.ndarray'>
(4560, 614)
(4560, 614) (4560, 1434) 614 1434 (4560,) (4560, 614) (4560,)
ratio:  0.7
(1, 614) (1, 1434)
secret sharing model A...
secret sharing model B...
wa1 shape:  (1, 614)
batch 0forward..batch cost: 67.43039441108704sbatch 1forward..batch cost: 132.70721697807312sbatch 2forward..batch cost: 197.55571055412292sbatch 3forward..batch cost: 263.6598365306854sbatch 4forward..batch cost: 328.8811228275299sbatch 5forward..batch cost: 393.73027634620667sbatch 6forward..batch cost: 458.07646679878235sbatch 7forward..batch cost: 522.8317737579346sbatch 8forward..batch cost: 587.6513676643372sbatch 9forward..batch cost: 653.0056133270264sbatch 10forward..batch cost: 717.0042879581451sbatch 11forward..batch cost: 781.8547637462616sbatch 12forward..batch cost: 845.8328130245209sbatch 13forward..batch cost: 910.8217227458954sbatch 14forward..batch cost: 975.4335827827454sbatch 15forward..batch cost: 1039.689157962799sbatch 16forward..batch cost: 1103.7806165218353sbatch 17forward..batch cost: 1157.477504491806s
Epoch 1, batch sum loss: 0.6918518688505194 Time: 1157.4793496131897s
batch 0forward..batch cost: 64.51745057106018sbatch 1forward..batch cost: 128.8653724193573sbatch 2forward..batch cost: 193.34446811676025sbatch 3forward..batch cost: 257.93349170684814sbatch 4forward..batch cost: 322.86958837509155sbatch 5forward..batch cost: 387.21624636650085sbatch 6forward..batch cost: 452.60890650749207sbatch 7forward..batch cost: 518.7546985149384sbatch 8forward..batch cost: 584.0301258563995sbatch 9forward..batch cost: 648.8788170814514sbatch 10forward..batch cost: 714.4622704982758sbatch 11forward..batch cost: 779.4378190040588sbatch 12forward..batch cost: 844.1530632972717sbatch 13forward..batch cost: 908.277708530426sbatch 14forward..batch cost: 972.593701839447sbatch 15forward..batch cost: 1036.3849277496338sbatch 16forward..batch cost: 1100.4417192935944sbatch 17forward..batch cost: 1153.2116403579712s
Epoch 2, batch sum loss: 0.6915596889243439 Time: 1153.212842464447s
batch 0forward..batch cost: 64.24809694290161sbatch 1forward..batch cost: 129.31939506530762sbatch 2forward..batch cost: 193.56431531906128sbatch 3forward..batch cost: 257.993017911911sbatch 4forward..batch cost: 322.08654737472534sbatch 5forward..batch cost: 386.3481614589691sbatch 6forward..batch cost: 451.13296723365784sbatch 7forward..batch cost: 515.4250354766846sbatch 8forward..batch cost: 579.6757397651672sbatch 9forward..batch cost: 643.7461402416229sbatch 10forward..batch cost: 707.7929465770721sbatch 11forward..batch cost: 772.2996547222137sbatch 12forward..batch cost: 837.1448566913605sbatch 13forward..batch cost: 901.893429517746sbatch 14forward..batch cost: 966.4014647006989sbatch 15forward..batch cost: 1031.9285078048706sbatch 16forward..batch cost: 1097.3407526016235sbatch 17forward..batch cost: 1151.1784763336182s
Epoch 3, batch sum loss: 0.6915386827702737 Time: 1151.1796934604645s
batch 0forward..batch cost: 64.68178510665894sbatch 1forward..batch cost: 129.49131202697754sbatch 2forward..batch cost: 193.7399673461914sbatch 3forward..batch cost: 258.62659072875977sbatch 4forward..batch cost: 323.176744222641sbatch 5forward..batch cost: 387.39524102211sbatch 6forward..batch cost: 452.972615480423sbatch 7forward..batch cost: 518.1740260124207sbatch 8forward..batch cost: 583.1444566249847sbatch 9forward..batch cost: 648.333069562912sbatch 10forward..batch cost: 712.9594399929047sbatch 11forward..batch cost: 777.2685039043427sbatch 12forward..batch cost: 842.3331279754639sbatch 13forward..batch cost: 907.7045085430145sbatch 14forward..batch cost: 972.3851411342621sbatch 15forward..batch cost: 1037.19979929924sbatch 16forward..batch cost: 1101.5583188533783sbatch 17forward..batch cost: 1154.7265083789825s
Epoch 4, batch sum loss: 0.6915223689207192 Time: 1154.7276890277863s
batch 0forward..batch cost: 64.41626167297363sbatch 1forward..batch cost: 129.50027084350586sbatch 2forward..batch cost: 194.68462491035461sbatch 3forward..batch cost: 263.1098647117615sbatch 4forward..batch cost: 330.8331124782562sbatch 5forward..batch cost: 398.6384665966034sbatch 6forward..batch cost: 466.2331192493439sbatch 7forward..batch cost: 533.5093817710876sbatch 8forward..batch cost: 602.10813164711sbatch 9forward..batch cost: 666.840577840805sbatch 10forward..batch cost: 732.2844405174255sbatch 11forward..batch cost: 797.9603590965271sbatch 12forward..batch cost: 862.8507511615753sbatch 13forward..batch cost: 927.0728154182434sbatch 14forward..batch cost: 993.427535533905sbatch 15forward..batch cost: 1058.5898878574371sbatch 16forward..batch cost: 1124.0241289138794sbatch 17forward..batch cost: 1177.5643873214722s
Epoch 5, batch sum loss: 0.6915100574828698 Time: 1177.5655920505524s
batch 0forward..batch cost: 65.09853553771973sbatch 1forward..batch cost: 129.22678089141846sbatch 2forward..batch cost: 193.202574968338sbatch 3forward..batch cost: 258.2272882461548sbatch 4forward..batch cost: 323.6162269115448sbatch 5forward..batch cost: 388.6322386264801sbatch 6forward..batch cost: 452.9274628162384sbatch 7forward..batch cost: 517.6183397769928sbatch 8forward..batch cost: 582.1630692481995sbatch 9forward..batch cost: 646.4360656738281sbatch 10forward..batch cost: 710.8784503936768sbatch 11forward..batch cost: 775.9308762550354sbatch 12forward..batch cost: 840.466570854187sbatch 13forward..batch cost: 904.8202648162842sbatch 14forward..batch cost: 968.9896876811981sbatch 15forward..batch cost: 1033.3981940746307sbatch 16forward..batch cost: 1098.1774444580078sbatch 17forward..batch cost: 1151.9011821746826s
Epoch 6, batch sum loss: 0.6915002355413946 Time: 1151.902373790741s
batch 0forward..batch cost: 65.98387551307678sbatch 1forward..batch cost: 130.96168422698975sbatch 2forward..batch cost: 196.49199438095093sbatch 3forward..batch cost: 261.2534635066986sbatch 4forward..batch cost: 325.47952914237976sbatch 5forward..batch cost: 389.7844252586365sbatch 6forward..batch cost: 454.7603852748871sbatch 7forward..batch cost: 519.5776352882385sbatch 8forward..batch cost: 584.0472288131714sbatch 9forward..batch cost: 648.2324757575989sbatch 10forward..batch cost: 712.3589322566986sbatch 11forward..batch cost: 776.7013690471649sbatch 12forward..batch cost: 841.3081247806549sbatch 13forward..batch cost: 906.462308883667sbatch 14forward..batch cost: 970.773362159729sbatch 15forward..batch cost: 1035.425978899002sbatch 16forward..batch cost: 1101.0238628387451sbatch 17forward..batch cost: 1154.8449139595032s
Epoch 7, batch sum loss: 0.6914921159360568 Time: 1154.846088886261s
batch 0forward..batch cost: 64.60715341567993sbatch 1forward..batch cost: 128.9368097782135sbatch 2forward..batch cost: 194.1815893650055sbatch 3forward..batch cost: 258.93746042251587sbatch 4forward..batch cost: 323.7987411022186sbatch 5forward..batch cost: 389.1609408855438sbatch 6forward..batch cost: 453.4058175086975sbatch 7forward..batch cost: 517.6744034290314sbatch 8forward..batch cost: 581.9413864612579sbatch 9forward..batch cost: 646.8261759281158sbatch 10forward..batch cost: 711.4666526317596sbatch 11forward..batch cost: 776.4857182502747sbatch 12forward..batch cost: 841.2942197322845sbatch 13forward..batch cost: 905.9655909538269sbatch 14forward..batch cost: 970.5997762680054sbatch 15forward..batch cost: 1035.373155593872sbatch 16forward..batch cost: 1099.9736557006836sbatch 17forward..batch cost: 1153.5503544807434s
Epoch 8, batch sum loss: 0.6914852631690355 Time: 1153.5516240596771s
batch 0forward..batch cost: 65.01555299758911sbatch 1forward..batch cost: 130.41812777519226sbatch 2forward..batch cost: 195.50522804260254sbatch 3forward..batch cost: 261.29610085487366sbatch 4forward..batch cost: 325.89089846611023sbatch 5forward..batch cost: 390.4974527359009sbatch 6forward..batch cost: 455.3069508075714sbatch 7forward..batch cost: 520.1272685527802sbatch 8forward..batch cost: 584.8695704936981sbatch 9forward..batch cost: 651.3288769721985sbatch 10forward..batch cost: 716.2464799880981sbatch 11forward..batch cost: 780.9933683872223sbatch 12forward..batch cost: 845.7774443626404sbatch 13forward..batch cost: 910.9496252536774sbatch 14forward..batch cost: 977.1464002132416sbatch 15forward..batch cost: 1042.2499253749847sbatch 16forward..batch cost: 1106.9383571147919sbatch 17forward..batch cost: 1160.392225265503s
Epoch 9, batch sum loss: 0.6914794893974751 Time: 1160.3934347629547s
batch 0forward..batch cost: 64.86637759208679sbatch 1forward..batch cost: 129.94770097732544sbatch 2forward..batch cost: 193.79651474952698sbatch 3forward..batch cost: 258.068806886673sbatch 4forward..batch cost: 322.8381505012512sbatch 5forward..batch cost: 388.4812433719635sbatch 6forward..batch cost: 453.8246376514435sbatch 7forward..batch cost: 518.5527243614197sbatch 8forward..batch cost: 583.359973192215sbatch 9forward..batch cost: 648.0262312889099sbatch 10forward..batch cost: 712.32967710495sbatch 11forward..batch cost: 777.1657798290253sbatch 12forward..batch cost: 841.4481842517853sbatch 13forward..batch cost: 906.4590640068054sbatch 14forward..batch cost: 970.9751923084259sbatch 15forward..batch cost: 1035.8041641712189sbatch 16forward..batch cost: 1100.2609708309174sbatch 17forward..batch cost: 1153.6567199230194s
Epoch 10, batch sum loss: 0.6914741038645847 Time: 1153.6579620838165s
batch 0forward..batch cost: 64.29236888885498sbatch 1forward..batch cost: 128.78061437606812sbatch 2forward..batch cost: 193.21354365348816sbatch 3forward..batch cost: 279.3837215900421sbatch 4forward..batch cost: 397.41923689842224sbatch 5forward..batch cost: 525.172159910202sbatch 6forward..batch cost: 652.9062476158142sbatch 7forward..batch cost: 782.1869623661041sbatch 8forward..batch cost: 914.9674048423767sbatch 9forward..batch cost: 1051.526742696762sbatch 10forward..batch cost: 1187.880407333374sbatch 11forward..batch cost: 1321.8424146175385sbatch 12forward..batch cost: 1457.095894575119sbatch 13forward..batch cost: 1592.0806641578674sbatch 14forward..batch cost: 1726.8316631317139sbatch 15forward..batch cost: 1865.9365990161896sbatch 16forward..batch cost: 1996.007602930069sbatch 17forward..batch cost: 2111.1148347854614s
Epoch 11, batch sum loss: 0.6914698269134887 Time: 2111.127464056015s
batch 0forward..batch cost: 139.88574981689453sbatch 1forward..batch cost: 278.8385257720947sbatch 2forward..batch cost: 409.1446568965912sbatch 3forward..batch cost: 546.6162502765656sbatch 4forward..batch cost: 681.508062839508sbatch 5forward..batch cost: 815.5561583042145sbatch 6forward..batch cost: 952.2737545967102sbatch 7forward..batch cost: 1092.558631181717sbatch 8forward..batch cost: 1227.1619567871094sbatch 9forward..batch cost: 1364.8134016990662sbatch 10forward..batch cost: 1498.1441395282745sbatch 11forward..batch cost: 1632.4849164485931sbatch 12forward..batch cost: 1770.685851097107sbatch 13forward..batch cost: 1905.839740037918sbatch 14forward..batch cost: 2037.589260339737sbatch 15forward..batch cost: 2177.3478062152863sbatch 16forward..batch cost: 2315.753187417984sbatch 17forward..batch cost: 2426.205991744995s
Epoch 12, batch sum loss: 0.691465681384305 Time: 2426.2079350948334s
batch 0forward..batch cost: 135.3600471019745sbatch 1forward..batch cost: 273.50271463394165sbatch 2forward..batch cost: 405.9915237426758sbatch 3forward..batch cost: 534.7072517871857sbatch 4forward..batch cost: 672.0033581256866sbatch 5forward..batch cost: 808.388256072998sbatch 6forward..batch cost: 943.6067645549774sbatch 7forward..batch cost: 1076.2113535404205sbatch 8forward..batch cost: 1208.6577496528625sbatch 9forward..batch cost: 1343.1037850379944sbatch 10forward..batch cost: 1483.2411935329437sbatch 11forward..batch cost: 1621.2969181537628sbatch 12forward..batch cost: 1751.7851169109344sbatch 13forward..batch cost: 1887.1024985313416sbatch 14forward..batch cost: 2025.8491485118866sbatch 15forward..batch cost: 2161.1218297481537sbatch 16forward..batch cost: 2291.4403874874115sbatch 17forward..batch cost: 2401.7023487091064s
Epoch 13, batch sum loss: 0.6914617603986759 Time: 2401.7043812274933s
batch 0forward..batch cost: 133.60952425003052sbatch 1forward..batch cost: 272.2703139781952sbatch 2forward..batch cost: 391.9817650318146sbatch 3forward..batch cost: 472.2855706214905sbatch 4forward..batch cost: 551.2151002883911sbatch 5forward..batch cost: 623.6405386924744sbatch 6forward..batch cost: 705.3692831993103sbatch 7forward..batch cost: 794.0431423187256sbatch 8forward..batch cost: 909.8540658950806sbatch 9forward..batch cost: 1033.5212604999542sbatch 10forward..batch cost: 1162.654462814331sbatch 11forward..batch cost: 1296.6764369010925sbatch 12forward..batch cost: 1427.3665840625763sbatch 13forward..batch cost: 1559.9491698741913sbatch 14forward..batch cost: 1694.9869375228882sbatch 15forward..batch cost: 1823.8212943077087sbatch 16forward..batch cost: 1958.8351242542267sbatch 17forward..batch cost: 2068.3057703971863s
Epoch 14, batch sum loss: 0.691458349515632 Time: 2068.3075687885284s
batch 0forward..batch cost: 134.6929407119751sbatch 1forward..batch cost: 270.2372188568115sbatch 2forward..batch cost: 403.6310019493103sbatch 3forward..batch cost: 540.3234882354736sbatch 4forward..batch cost: 673.3509433269501sbatch 5forward..batch cost: 806.8679993152618sbatch 6forward..batch cost: 946.7442758083344sbatch 7forward..batch cost: 1079.579689025879sbatch 8forward..batch cost: 1218.7425289154053sbatch 9forward..batch cost: 1355.2767333984375sbatch 10forward..batch cost: 1489.7968361377716sbatch 11forward..batch cost: 1622.5384061336517sbatch 12forward..batch cost: 1761.9690279960632sbatch 13forward..batch cost: 1895.7743303775787sbatch 14forward..batch cost: 2032.5318496227264sbatch 15forward..batch cost: 2169.514967441559sbatch 16forward..batch cost: 2302.3114960193634sbatch 17forward..batch cost: 2413.178833961487s
Epoch 15, batch sum loss: 0.6914549480670964 Time: 2413.1807425022125s
batch 0forward..batch cost: 133.87576580047607sbatch 1forward..batch cost: 266.99991846084595sbatch 2forward..batch cost: 404.6286075115204sbatch 3forward..batch cost: 542.7039968967438sbatch 4forward..batch cost: 676.1114757061005sbatch 5forward..batch cost: 811.8190665245056sbatch 6forward..batch cost: 943.3419532775879sbatch 7forward..batch cost: 1073.4562215805054sbatch 8forward..batch cost: 1207.6598989963531sbatch 9forward..batch cost: 1342.8360316753387sbatch 10forward..batch cost: 1481.4413449764252sbatch 11forward..batch cost: 1614.3039486408234sbatch 12forward..batch cost: 1748.3854188919067sbatch 13forward..batch cost: 1890.2925066947937sbatch 14forward..batch cost: 2030.4308128356934sbatch 15forward..batch cost: 2169.693021774292sbatch 16forward..batch cost: 2304.730908870697sbatch 17forward..batch cost: 2415.0980920791626s
Epoch 16, batch sum loss: 0.6914518350721699 Time: 2415.1082684993744s
batch 0forward..batch cost: 127.17957973480225sbatch 1forward..batch cost: 264.6256196498871sbatch 2forward..batch cost: 401.82020902633667sbatch 3forward..batch cost: 538.3836498260498sbatch 4forward..batch cost: 674.1188495159149sbatch 5forward..batch cost: 809.2665441036224sbatch 6forward..batch cost: 947.7155346870422sbatch 7forward..batch cost: 1087.1672377586365sbatch 8forward..batch cost: 1156.8898129463196sbatch 9forward..batch cost: 1235.8650069236755sbatch 10forward..batch cost: 1316.603955745697sbatch 11forward..batch cost: 1395.665854215622sbatch 12forward..batch cost: 1465.5685622692108sbatch 13forward..batch cost: 1569.7085416316986sbatch 14forward..batch cost: 1692.8334431648254sbatch 15forward..batch cost: 1822.3506262302399sbatch 16forward..batch cost: 1961.9843311309814sbatch 17forward..batch cost: 2066.478110551834s
Epoch 17, batch sum loss: 0.6914489592377563 Time: 2066.4801166057587s
batch 0forward..batch cost: 132.1191487312317sbatch 1forward..batch cost: 264.1151669025421sbatch 2forward..batch cost: 398.8152446746826sbatch 3forward..batch cost: 526.337055683136sbatch 4forward..batch cost: 662.221212387085sbatch 5forward..batch cost: 802.1529631614685sbatch 6forward..batch cost: 938.7528488636017sbatch 7forward..batch cost: 1074.6267035007477sbatch 8forward..batch cost: 1204.5623857975006sbatch 9forward..batch cost: 1338.7880580425262sbatch 10forward..batch cost: 1473.9370121955872sbatch 11forward..batch cost: 1607.1336877346039sbatch 12forward..batch cost: 1737.2959592342377sbatch 13forward..batch cost: 1872.6909265518188sbatch 14forward..batch cost: 2010.087863445282sbatch 15forward..batch cost: 2148.5064318180084sbatch 16forward..batch cost: 2281.6130344867706sbatch 17forward..batch cost: 2390.9954764842987s
Epoch 18, batch sum loss: 0.6914461081031669 Time: 2390.997397661209s
batch 0forward..batch cost: 131.97968173027039sbatch 1forward..batch cost: 265.21658539772034sbatch 2forward..batch cost: 404.0348780155182sbatch 3forward..batch cost: 539.9461572170258sbatch 4forward..batch cost: 674.9715824127197sbatch 5forward..batch cost: 812.5428276062012sbatch 6forward..batch cost: 947.5020270347595sbatch 7forward..batch cost: 1082.954003572464sbatch 8forward..batch cost: 1213.2977075576782sbatch 9forward..batch cost: 1347.103099346161sbatch 10forward..batch cost: 1471.3417372703552sbatch 11forward..batch cost: 1603.7114653587341sbatch 12forward..batch cost: 1738.529559135437sbatch 13forward..batch cost: 1872.9310970306396sbatch 14forward..batch cost: 2010.192498922348sbatch 15forward..batch cost: 2147.133132457733sbatch 16forward..batch cost: 2283.0934841632843sbatch 17forward..batch cost: 2394.6378934383392s
Epoch 19, batch sum loss: 0.6914434916171677 Time: 2394.639731168747s
batch 0forward..batch cost: 136.7983214855194sbatch 1forward..batch cost: 275.3511471748352sbatch 2forward..batch cost: 410.0129985809326sbatch 3forward..batch cost: 543.6997530460358sbatch 4forward..batch cost: 672.897709608078sbatch 5forward..batch cost: 807.3655602931976sbatch 6forward..batch cost: 934.1807956695557sbatch 7forward..batch cost: 1070.76411318779sbatch 8forward..batch cost: 1205.5152924060822sbatch 9forward..batch cost: 1345.3565566539764sbatch 10forward..batch cost: 1483.5206861495972sbatch 11forward..batch cost: 1619.7077250480652sbatch 12forward..batch cost: 1740.8709456920624sbatch 13forward..batch cost: 1809.8968751430511sbatch 14forward..batch cost: 1886.0819885730743sbatch 15forward..batch cost: 1963.6415979862213sbatch 16forward..batch cost: 2037.727344751358sbatch 17forward..batch cost: 2111.606362581253s
Epoch 20, batch sum loss: 0.6914409925608654 Time: 2111.6073939800262s
convergence--wa1 shape:  (1, 614)
convergence--wb1 shape:  (1, 1434)
wa1,wa2:  [[38487.51882203937 58269.036934424854 52341.565025084325
  23072.77903195848 13559.095344899293 42238.62997675106
  32592.55245632099 21025.95877623432 2265.2385923888155
  -1338.7015413453857 22635.242744227857 22508.62261008895
  43090.12558235472 43629.94800153954 27125.92323422027
  -4046.5352503959284 61984.83314092284 -10243.713141953747
  63170.668467666204 50347.60934200236 1015.5399049049333
  22150.700181247397 48071.24187964127 47902.14577133844
  33712.21663764745 13257.20491051149 33016.267132901026
  37118.40026928529 48550.62513211079 50787.74313598166 5466.123060220183
  -808.8764071331444 44198.91263642926 17401.000584892678
  15343.943568307071 18036.09652055727 19944.418127227404
  11304.03556245536 13859.76921741536 17675.665041024124
  38741.036526339594 38011.28464421064 27644.9633846628 8972.363109729817
  25872.037255576597 35111.24225891646 12186.770467946215
  5623.110811855786 16226.217705621819 7222.253772502933
  -2442.4178867580163 33701.60780528411 38557.78600758353
  9394.238287744836 44337.4928697955 53061.494966166465 34725.5731726147
  11442.53058088776 36599.35190042698 8805.855771079287
  11874.930755328762 40914.84198620551 46388.496433845714
  22889.25037129332 54052.30858214969 26870.973384704645
  58289.21970302422 47801.00810884397 41688.72036207601 34881.05989969593
  7661.047064006922 41468.74851500532 5849.122848187384
  58245.137250163156 9532.442566514557 12149.856089960389
  54274.7064616104 15055.74047750675 43672.61428438335 48810.35284891414
  33956.6651048715 13894.016429083167 11288.686385572739
  2436.280365218687 36722.54085631615 30160.249686537907
  -2148.5751235581106 34194.868815082715 44655.9819065436
  37442.55185444873 45238.30518892137 -2425.950645115767
  24492.822059274928 32315.709531060867 50961.14404386365
  8438.989540275994 35386.87041821006 -8985.44114619565
  17681.143325833968 51862.57770992694 52934.94360148406
  93.39685078988678 16889.255136180465 -104.80941964352499
  21892.714791153045 7811.718360635469 22473.880728076874
  43120.65428037033 14642.658030552788 40814.49734843439
  56151.55582064805 33378.5244946684 24410.684374861707
  22.764350288752905 18062.588853900375 16912.23887105302
  40347.722176676194 7053.320052559837 27148.89666984365
  8215.054958757577 39700.91275957241 48762.952108057565
  24365.804296208877 8516.86725274358 44462.249654626336
  -1777.0054506407744 47491.9387421606 47548.57557206051
  20881.99450615122 19587.422159497375 39573.45306237299
  11354.362485417985 20079.119106571183 51509.76322361752
  45761.58756502148 -3343.0494604615956 17355.191731545143
  37521.66120644693 19550.97283108165 52968.75689944734 55612.63163000492
  34199.71252623545 44073.06026423636 61050.12118971223
  45920.073424979506 34991.19243258198 -6751.813841071449
  52769.343561765134 14300.18351079263 -1160.1889747204407
  18567.611286707022 37501.75610655389 49502.80306125499
  -892.6930633984036 -4877.912053472855 57258.571328755206
  54755.773268577446 37948.45077897714 45407.2395331244 42679.04372241582
  9041.07988698177 31293.745005495683 -3545.6226425890677
  53575.056349364546 31062.662664944524 14235.311858427169
  9493.38806799726 9237.527109693965 1299.3534328888466 6161.267613877891
  47682.80758784212 48157.47223245751 33152.28072293924 2697.806329120901
  40577.571056216824 4707.88945350769 13469.353429422348
  3191.1738213372614 59830.46208373521 12360.963427626111
  846.5767857403167 12871.968928069007 62221.99669194652
  15143.906307892854 6096.092724054976 18178.916330222783
  54162.516127105744 21026.451807860547 11618.17945254865
  55496.25166827807 49716.12254539786 57527.763258078674
  36611.33332080316 4423.531719000057 48520.09057760758
  49093.873740253795 32827.38881388531 19570.89174115718
  63902.92228406008 39247.659786312106 11451.045250533136
  28093.57267951869 54460.61349601132 -3852.5817072607983
  48258.43384735737 44648.799734728535 25832.735129899855
  36786.708785316354 28953.044363806777 40996.352925182604
  13327.530926083773 9952.984682716535 11660.22438385007
  41968.27172143016 20900.1251100562 36125.31885571747 -4454.752912239351
  23476.94966060275 24856.03451819335 42944.0215326265 45200.05477811814
  44402.929911790445 15286.71482584473 37127.798616639244
  41584.952501031126 43318.24827870256 39475.86055258819
  14258.250146707498 16071.955704180364 23608.76578716968
  1753.0225200800237 57132.66271598689 27381.197782409414
  39873.954539594524 -1595.748170968412 41697.27358843966
  11389.827006733403 28870.20304258799 34730.316998905495
  3390.996840584839 52428.25409640014 20773.335825682625
  43003.61056957162 56374.44426733154 42609.64966533233
  50462.315247705956 19277.52322662042 25511.099721711795
  45584.30902044588 16300.887298558011 39849.3490144033
  24865.674894369713 21162.376285484926 47857.545642413155
  18645.13927872064 27017.399451726345 31846.866458921224
  -5498.62730455562 8068.673402237154 28978.846863406176
  49678.195858356594 60483.74285912114 1326.2958351050806
  17769.569937905824 23160.99329540088 21218.73021322676
  17874.158568022616 40977.88435364888 11058.011973152821
  54544.980467903435 50060.14983090892 5246.558450718714
  13429.072303421508 51372.27251302781 -4212.122083623751
  36685.49886239469 32787.257607218904 30568.568470826096
  62012.89264776324 28744.927228876804 53046.21057561996
  51074.82819705595 37014.06541427339 53945.92099910784
  41774.444458225495 4593.1078236631965 -6949.09473192873
  6720.01008517567 5361.41005227712 46914.10345981098 45951.560307717846
  7668.380657473297 7410.343552883653 20205.765503037164
  12118.467978304638 46833.37936204557 48585.96628114244
  -2068.0231345043153 6329.430320127762 48862.41978202761
  16404.43652796646 57224.51344427377 38223.09989407296
  18207.699253830448 -3927.560877452946 57424.870365798 34335.19192234875
  52030.9296810963 19791.30013632108 4271.07640973333 48908.54774391143
  4367.535102579322 1172.8151095781502 44239.936085812515
  27210.426638097095 50560.227288921415 38947.99750757579
  22450.448123544593 7489.058119212901 2471.1355883107594
  7597.078845223691 37693.04194900677 49012.81398634651
  21475.976061726917 22610.684741816192 9209.042064670297
  16827.27748114762 61096.49707083956 60228.34545149605
  55198.808781652144 44455.842680892885 16553.986879578148
  48023.27337478047 24611.432340414274 63005.55891218236 5945.05611367231
  32880.517649644935 32046.496187938505 57830.24006087157
  -4174.627726747235 16783.718334953675 -2408.194381044239
  40259.32975092589 4223.840337547975 46001.351383069225
  6785.021420106812 46879.34318219427 53891.4824014478 33403.34361648383
  21966.77569601876 17639.347626469847 15077.279875751714
  -1473.43455872357 55844.35837938733 -6211.443809424037
  26765.50965575704 40510.27150271603 3271.6650740785904
  10709.123015524277 60102.375066816625 5368.844671303086
  14899.836061556034 39095.52529028037 54877.32988471773
  51158.55463500369 20673.038064539975 49185.278327995016
  6465.398045892114 50358.259951596 41646.300134884594 37051.33178019322
  3808.881206533936 39746.23008140893 27261.781940134642 39331.9128890509
  33954.63588547885 52055.06018468524 40434.45145707382 2359.118427319634
  31450.738172164925 26357.789295038416 16583.700259754474
  22805.866434636184 17919.97018460517 5241.883024194058 40900.4813069036
  19672.054368121473 23754.463792800438 36082.728832681154
  57018.30251821143 26082.204192507874 55703.645102156486
  3933.7274402027188 464.023878477068 36835.17428571818 59720.23420702113
  11786.936299472609 20020.259203157373 43594.966541088186
  44954.425570455765 43958.72746323117 45120.674686021404
  16651.19029810135 25317.154684116074 31277.56535816059
  36157.54003641541 26222.3488043408 47616.87340818477 10285.3837437197
  36550.86812610039 56685.19063442515 8338.587898637685 22633.59302638314
  23588.88394063917 43763.69622731812 43383.13193889775
  41140.139236059775 33385.70679654715 7753.675498206782
  37547.04576992534 8287.55838204789 52947.657098655516 36936.67451374734
  24995.621630007587 11858.78697522041 32887.12669631243
  49013.316575396755 23869.162407481435 12923.780798192049
  45373.435882791026 15696.189509136868 37057.61889384728
  11260.346093083159 39052.96881153562 48083.47620388894
  34656.10772012496 36339.49456876316 21142.325097871435
  50467.87177073962 56047.63384941326 39396.542074092395
  59827.65851532685 21753.73381948289 31746.526285176988
  35736.33597616169 52848.8134727392 57041.634279684185
  24410.956519798892 33879.44818044922 6038.50642505341
  29196.955977830672 17962.240162039594 27303.199724710863
  44472.60039769477 9226.723013302022 24194.12980055596
  15581.163381289629 3027.4724238173744 16261.869864442511
  2698.9837239930066 34019.5240667014 53594.38312373766 7019.152697359571
  11819.119208057617 29880.641733687447 18603.76416276689
  -6158.519640859775 50609.20957752577 21217.936538444003
  42328.56378239607 -4080.7435832272927 30954.998357970235
  23581.365791205295 29476.911420305336 5381.82990723712
  40097.86918592122 6554.3319825440385 55179.330300557136
  42274.82293643906 18480.97470414574 54803.36739036882
  49689.436576533255 50892.322389418754 6145.662865255088
  11208.586103593614 32547.998357492474 49372.6083304173
  2024.4294770375802 -307.2043717585222 -4636.343551134994
  16640.839485379835 41241.592296300536 21229.34445901973
  9172.828304274355 2916.382265879026 12670.759594051473
  27664.653755856383 8190.150775261446 53502.18254094946
  41659.781682421795 18231.24461464118 57277.62487797202
  -9337.482239328632 5471.031471637495 53623.59452032625
  53831.86732874762 3054.294887913741 46133.18671383912
  13927.181009762617 12827.946635680304 37822.61302669206
  46669.01182080068 3799.931060963427 6459.148783989192
  -1865.8981822415205 27756.99532573597 37603.717894831876
  58424.378610035164 40854.73023312918 33902.64349581725
  9778.846594687544 22657.958784171926 62063.16508551688
  39625.883522855984 35925.921714604134 16274.329124736067
  1232.2215027489422 -3096.422571074023 20169.76562910812
  16732.203966373738 22245.522229488768 60988.65149431888
  3411.9022100190614 38542.075990754565 17773.44023078289
  26682.521136544627 8248.899599544442 38658.74016719962
  -48.765649187410716 5978.949300238915 3797.1114484833574
  15101.30382658344 48016.94938024889 38795.407621565 44441.334987155504
  28090.936776538332 18981.736302226826 52033.06139730014
  49071.34450814415 45674.33207634473 50503.416710262805
  26484.206561504292 6052.6125984785995 52445.97973051358
  48145.92621378207 23385.430573952992 30797.619871085262
  38679.996285107554 15327.670326648837 14716.755549143974
  14373.593533604786 5427.9135991588055 20822.634878518445
  46523.528810781674 -268.4790939134909 52685.88153348252
  50969.388563180735 32224.82451800351 1264.063268018123
  1891.892196709181 1738.2445566203407 29066.11262915378
  16223.41110427659 60266.96377767521 55733.3626274126 16088.012114471221
  37492.64101717431 1245.762809108646 -6711.797606776744 51700.3250317209
  47647.76735160906 22647.791576903157 36582.92817649939 50954.4596677317
  44470.72526657547 55028.954337164396 30333.95751810591
  56276.29580447382 46453.0953952443 25843.130792137563 44507.40602933194
  41673.427982417335 21070.51266395671 25184.071888744595
  39777.52255147603 13202.147978142906 56924.44759634403
  7287.224027321196 52021.64317473996 2902.17492664116 7897.343012850047
  3299.6915668949473 29112.455792385255 32682.322378090244
  36406.53410349363 -1341.7941791781695 37518.09775015166
  53951.6528648785 37262.993145523564 15065.440750744308
  10031.865111613964 19864.73225813431 49992.35212816209
  25713.10322731047]] [[-38487.52017958293 -58269.03874532898 -52341.56648153992
  -23072.78074395079 -13559.097069590767 -42238.6314205074
  -32592.55250203768 -21025.961898965517 -2265.237552900454
  1338.6973334091579 -22635.237997237295 -22508.630525527333
  -43090.12422494531 -43629.95252739681 -27125.9254576587
  4046.534305386568 -61984.836087809934 10243.712920392947
  -63170.66968615241 -50347.61129196399 -1015.5416067597745
  -22150.70164784039 -48071.24311788037 -47902.14770154725
  -33712.21762842412 -13257.207088182662 -33016.274438344175
  -37118.396132290145 -48550.6260415101 -50787.745395029975
  -5466.124069403382 808.8742478684599 -44198.91461795772
  -17401.001771811952 -15343.945281497516 -18036.097975814737
  -19944.420194242986 -11304.036663887606 -13859.770061568237
  -17675.667365319085 -38741.0382005706 -38011.28613842762
  -27644.961986846298 -8972.367675994215 -25872.04021708759
  -35111.24246585343 -12186.77368997684 -5623.110758273025
  -16226.218007483954 -7222.256639088721 2442.417599899734
  -33701.61068687379 -38557.788006033465 -9394.239457742797
  -44337.49324211934 -53061.49776229028 -34725.57757906834
  -11442.529342882024 -36599.35104155942 -8805.859798394635
  -11874.932307764642 -40914.84360221742 -46388.493616028485
  -22889.256357558465 -54052.309450115514 -26870.97568518659
  -58289.221722125265 -47801.00925819069 -41688.7231508846
  -34881.060279335245 -7661.048173307211 -41468.75057415286
  -5849.126622472964 -58245.136644325394 -9532.44224582412
  -12149.859579098664 -54274.707014002684 -15055.743093562356
  -43672.61615261992 -48810.354149125276 -33956.66941262933
  -13894.015289773257 -11288.691616019001 -2436.278303220326
  -36722.541983945586 -30160.2517273566 2148.5719193472632
  -34194.86877931965 -44655.99023560537 -37442.54669383486
  -45238.30614918605 2425.948436932622 -24492.824886453516
  -32315.709872330226 -50961.14480598566 -8438.99194660198
  -35386.87287562689 8985.440435164412 -17681.14259973407
  -51862.58160447468 -52934.94420805283 -93.3994126689558
  -16889.256133132512 104.80724814766383 -21892.712858223524
  -7811.723462012838 -22473.87947581246 -43120.658701082575
  -14642.658902311217 -40814.4996451238 -56151.555002347
  -33378.52848141725 -24410.684832290288 -22.76706130804701
  -18062.591157406747 -16912.23973599449 -40347.72256204282
  -7053.3228356411455 -27148.898530813538 -8215.056266235568
  -39700.91212000421 -48762.955916073835 -24365.804813074927
  -8516.869904325345 -44462.25275613493 1777.0053837015248
  -47491.94247569068 -47548.57500697842 -20881.998507548855
  -19587.421326547537 -39573.45389248109 -11354.36482375771
  -20079.121742363808 -51509.76375627268 -45761.58203394471
  3343.0407609369704 -17355.192878956786 -37521.663227483004
  -19550.973403567426 -52968.75949540939 -55612.63652636471
  -34199.71079832347 -44073.062495959944 -61050.12212643655
  -45920.0746842213 -34991.19434178809 6751.813514860085
  -52769.34640400173 -14300.184779634747 1160.1870751147424
  -18567.612034129386 -37501.758527579485 -49502.80802066995
  892.6948543656187 4877.908982116195 -57258.57142584638
  -54755.775909190656 -37948.45130681174 -45407.243735282944
  -42679.042688705165 -9041.080130840437 -31293.747930084734
  3545.6273207838685 -53575.064196007064 -31062.664831586575
  -14235.312860232962 -9493.390330344624 -9237.528015794482
  -1299.3542305675496 -6161.269984647046 -47682.808437950676
  -48157.47455079684 -33152.278522153116 -2697.811698354868
  -40577.56994497731 -4707.893733194963 -13469.35618135085
  -3191.174237856631 -59830.46343683038 -12360.96524297879
  -846.5799063667706 -12871.968975890439 -62221.99859600677
  -15143.907572280477 -6096.092655298885 -18178.91956742677
  -54162.51859950356 -21026.4525039106 -11618.186927114135
  -55496.247362160444 -49716.123544507165 -57527.76542741717
  -36611.33602993423 -4423.532178316894 -48520.09347318467
  -49093.87401312458 -32827.39038011826 -19570.893343371972
  -63902.925099457854 -39247.660139362226 -11451.047765569483
  -28093.573332930227 -54460.61362313026 3852.5786659318387
  -48258.43572468245 -44648.80102585152 -25832.736124026473
  -36786.71095963756 -28953.04502505053 -40996.35543238676
  -13327.532702864064 -9952.986074384095 -11660.223670290216
  -41968.275603437854 -20900.128254895983 -36125.318879325634
  4454.755384574458 -23476.955301385697 -24856.035944915286
  -42944.023274352396 -45200.05660655404 -44402.93125180224
  -15286.716815891976 -37127.79979503975 -41584.95534285758
  -43318.248605324035 -39475.86022541209 -14258.253642331589
  -16071.955438875848 -23608.769220922084 -1753.0230333714767
  -57132.665371143325 -27381.199282474296 -39873.95620797755
  1595.7466008305782 -41697.27518674966 -11389.827826518467
  -28870.20539125074 -34730.31760712703 -3390.9994008110575
  -52428.25517058681 -20773.337919943828 -43003.61647421761
  -56374.44153113347 -42609.65364505011 -50462.31443643598
  -19277.526160697962 -25511.09995608195 -45584.310259772465
  -16300.889227679256 -39849.35178267295 -24865.675294548008
  -21162.379099254842 -47857.545997091125 -18645.141772796724
  -27017.400126098095 -31846.8684686869 5498.6261458734
  -8068.675343593022 -28978.84809049812 -49678.19670118442
  -60483.74518474119 -1326.2952968345273 -17769.57364462427
  -23160.99029797194 -21218.73637910356 -17874.160219507412
  -40977.885870612095 -11058.013824916725 -54544.98178458739
  -50060.15016836929 -5246.561281706126 -13429.074181429818
  -51372.27380346734 4212.11890896117 -36685.498856179984
  -32787.259452732615 -30568.569793760194 -62012.893450721844
  -28744.92959436616 -53046.21705456299 -51074.82488656062
  -37014.06696934497 -53945.92261248413 -41774.44538821755
  -4593.110062119032 6949.092854008322 -6720.011375703122
  -5361.412112825577 -46914.104567710325 -45951.56104295741
  -7668.383090681684 -7410.346033299311 -20205.7661910694
  -12118.469318933838 -46833.38118986431 -48585.96736231863
  2068.0210472325552 -6329.431442738911 -48862.421827864266
  -16404.438552474992 -57224.514588212965 -38223.10541581931
  -18207.6969005319 3927.560544141342 -57424.873200934206
  -34335.19397275744 -52030.930799135465 -19791.298691239703
  -4271.081023262625 -48908.54582744359 -4367.540187494963
  -1172.816410784364 -44239.93795305421 -27210.423759575217
  -50560.233335891375 -38948.00384412949 -22450.44495543864
  -7489.0588044985325 -2471.138071472955 -7597.081659184511
  -37693.04230349382 -49012.81450162396 -21475.978714897214
  -22610.68772362268 -9209.042251311768 -16827.27879006146
  -61096.49893037348 -60228.346891108515 -55198.81051048758
  -44455.842867025785 -16553.989861893155 -48023.27569539436
  -24611.43318824812 -63005.56045555888 -5945.05773874355
  -32880.51876856991 -32046.498237461354 -57830.238518860395
  4174.6230162882775 -16783.713159186515 2408.186036829251
  -40259.336285724174 -4223.836971197599 -46001.348694377004
  -6785.027277246894 -46879.344293924914 -53891.48445816506
  -33403.3440468587 -21966.778434091717 -17639.34531658691
  -15077.285354082502 1473.4364246914804 -55844.363413803156
  6211.442816887272 -26765.511831668096 -40510.272984169445
  -3271.6667610730124 -10709.123130391783 -60102.378120397
  -5368.844841123245 -14899.83906018375 -39095.5263556677
  -54877.33198777825 -51158.55666529425 -20673.039202697364
  -49185.283064481715 -6465.3964778533555 -50358.26141242989
  -41646.30184249855 -37051.33385700311 -3808.882298171885
  -39746.23325416245 -27261.781935828934 -39331.909779275
  -33954.642163702476 -52055.06205289067 -40434.45275731634
  -2359.1255407282592 -31450.73422720423 -26357.793105038683
  -16583.69961820194 -22805.86919460925 -17919.97059307992
  -5241.884668026201 -40900.48283151929 -19672.057028802148
  -23754.46430056764 -36082.732721198015 -57018.3017981424
  -26082.205455238887 -55703.647007873355 -3933.727703591509
  -464.02678353613834 -36835.17554721885 -59720.2361139684
  -11786.939051409689 -20020.25961966812 -43594.9684668161
  -44954.426813175756 -43958.728792252674 -45120.67652544774
  -16651.192754397405 -25317.155396267768 -31277.564390645253
  -36157.544172378606 -26222.349614054005 -47616.875766919315
  -10285.386783869571 -36550.86825439835 -56685.19320601095
  -8338.5884954997 -22633.595466126422 -23588.884669343697
  -43763.698470938834 -43383.132863724815 -41140.14165293785
  -33385.70754811694 -7753.677296489858 -37547.047140090115
  -8287.560807809461 -52947.65784134182 -36936.68140390467
  -24995.617908298038 -11858.788937896676 -32887.12790208412
  -49013.32111784637 -23869.16103347966 -12923.785537814936
  -45373.434311616074 -15696.188851633737 -37057.62271979839
  -11260.350090256194 -39052.96798281056 -48083.478233123795
  -34656.10885933788 -36339.49604717063 -21142.326787911745
  -50467.869785217306 -56047.639003383425 -39396.546312761035
  -59827.65744510621 -21753.735177569102 -31746.52809553867
  -35736.3380068456 -52848.81461050333 -57041.63578515215
  -24410.95818277892 -33879.4576635759 -6038.500110374603
  -29196.958798392738 -17962.240509925447 -27303.200730544155
  -44472.60256030942 -9226.719681605415 -24194.136300700484
  -15581.164047113332 -3027.4749264416073 -16261.871610258373
  -2698.9851466250398 -34019.52901565917 -53594.38134322783
  -7019.153263289524 -11819.121810575512 -29880.642245299216
  -18603.766819602984 6158.518569140416 -50609.21167425436
  -21217.942899323603 -42328.560589964305 4080.7407394819743
  -30954.998682672758 -23581.366939146974 -29476.913440811553
  -5381.830369964929 -40097.8718916413 -6554.33245585367
  -55179.33299569541 -42274.82406673089 -18480.976742301824
  -54803.368781188874 -49689.43835416105 -50892.323335868765
  -6145.665087252897 -11208.586669891622 -32548.00095964236
  -49372.607127497366 -2024.4338484054838 307.203451189989
  4636.341303255658 -16640.83951432622 -41241.595435802024
  -21229.341646626228 -9172.834285115803 -2916.384282653434
  -12670.760745724892 -27664.65666187335 -8190.151037692268
  -53502.18335516986 -41659.784036649304 -18231.247947633576
  -57277.62471342751 9337.481878522192 -5471.034279278945
  -53623.597425338565 -53831.867592183255 -3054.294923151277
  -46133.1898470494 -13927.186720743115 -12827.944093147651
  -37822.61700821405 -46669.01100772641 -3799.931783588599
  -6459.151229811895 1865.896647257177 -27756.996959199707
  -37603.714949072484 -58424.38472424237 -40854.729949281726
  -33902.646948112684 -9778.84791336618 -22657.960633941122
  -62063.16407094935 -39625.88770587121 -35925.9219840449
  -16274.332023743245 -1232.2287110433103 3096.426610920522
  -20169.767973858005 -16732.20479007175 -22245.52534023788
  -60988.651552017676 -3411.8986138342257 -38542.082755387266
  -17773.44319402643 -26682.521341748907 -8248.90151939866
  -38658.74141579323 48.76188354963115 -5978.948703048985
  -3797.1132676677094 -15101.30517584695 -48016.9501182726
  -38795.41005198924 -44441.336387849464 -28090.938544292247
  -18981.736424684896 -52033.064443289746 -49071.345649448995
  -45674.33410348765 -50503.42131935698 -26484.205120858223
  -6052.6128992347185 -52445.98259820555 -48145.92681487679
  -23385.433141306075 -30797.621898477057 -38679.99742616366
  -15327.671313398303 -14716.757730842333 -14373.594474802874
  -5427.9158264085245 -20822.63373887676 -46523.533118871404
  268.47862559481223 -52685.88423361182 -50969.38995027952
  -32224.826299352695 -1264.061930679873 -1891.896702495317
  -1738.2405226585865 -29066.119831563446 -16223.413509949922
  -60266.96454044985 -55733.369104127385 -16088.008806204292
  -37492.64292643652 -1245.7640682942665 6711.795098011235
  -51700.32569140328 -47647.76765774019 -22647.794439219935
  -36582.93036331787 -50954.46064936091 -44470.723915556315
  -55028.95885663149 -30333.959441559924 -56276.297049467765
  -46453.09654169365 -25843.132814135955 -44507.40850856585
  -41673.42867163105 -21070.51886140299 -25184.06885974614
  -39777.52141393959 -13202.152284127125 -56924.44788766178
  -7287.226904451348 -52021.64437319949 -2902.176896629626
  -7897.34478378924 -3299.692964403648 -29112.45556132022
  -32682.325777603222 -36406.531431900345 1341.7883391369073
  -37518.09935100373 -53951.65443247429 -37262.98956097612
  -15065.447503739555 -10031.86562947283 -19864.734908723327
  -49992.352440604926 -25713.106083315484]]
self.model_weights2:  [[-0.0013575435586972162 -0.0018109041266143322 -0.0014564555967808701
  ... -0.0006427792759495787 0.00029853925661882386
  -0.0034669871602091007]]
A return/
A return while
Done.
Done.
Total time cost:  34370.24597835541 s
score:  4319
len(y):  4560
Predict precision:  0.9471491228070176
